<?xml version="1.0" encoding="UTF-8"?>
<!-- Generated by org.testng.reporters.JUnitReportReporter -->
<testsuite skipped="0" hostname="ATH051663" name="com.appium.framework.AppiumJavaFramework.FirstTest" tests="1" failures="0" timestamp="23 Jul 2020 06:37:51 GMT" time="36.524" errors="0">
  <testcase name="firstTestDemo" time="36.524" classname="com.appium.framework.AppiumJavaFramework.FirstTest"/>
</testsuite> <!-- com.appium.framework.AppiumJavaFramework.FirstTest -->
