<?xml version="1.0" encoding="UTF-8"?>
<!-- Generated by org.testng.reporters.JUnitReportReporter -->
<testsuite skipped="0" hostname="ATH051663" name="com.appium.framework.AppiumJavaFramework.FirstTest" tests="2" failures="0" timestamp="23 Jul 2020 17:58:27 GMT" time="78.027" errors="0">
  <testcase name="firstTestDemo" time="39.687" classname="com.appium.framework.AppiumJavaFramework.FirstTest"/>
  <testcase name="firstTestDemo" time="38.340" classname="com.appium.framework.AppiumJavaFramework.FirstTest"/>
</testsuite> <!-- com.appium.framework.AppiumJavaFramework.FirstTest -->
