<?xml version="1.0" encoding="UTF-8"?>
<!-- Generated by org.testng.reporters.JUnitReportReporter -->
<testsuite skipped="0" hostname="ATH051663" name="com.appium.framework.AppiumJavaFramework.FailedTest" tests="1" failures="0" timestamp="23 Jul 2020 18:36:47 GMT" time="28.298" errors="0">
  <testcase name="firstTestDemo" time="28.298" classname="com.appium.framework.AppiumJavaFramework.FailedTest"/>
</testsuite> <!-- com.appium.framework.AppiumJavaFramework.FailedTest -->
