<?xml version="1.0" encoding="UTF-8"?>
<!-- Generated by org.testng.reporters.JUnitReportReporter -->
<testsuite skipped="0" hostname="ATH051663" name="com.appium.framework.AppiumJavaFramework.ContextSwitchDemo" tests="1" failures="0" timestamp="23 Jul 2020 06:37:51 GMT" time="79.661" errors="0">
  <testcase name="totalValidation" time="79.661" classname="com.appium.framework.AppiumJavaFramework.ContextSwitchDemo"/>
</testsuite> <!-- com.appium.framework.AppiumJavaFramework.ContextSwitchDemo -->
