<?xml version="1.0" encoding="UTF-8"?>
<!-- Generated by org.testng.reporters.JUnitReportReporter -->
<testsuite skipped="0" hostname="ATH051663" name="com.appium.framework.AppiumJavaFramework.ContextSwitchDemoTest" tests="1" failures="0" timestamp="23 Jul 2020 17:58:27 GMT" time="93.383" errors="0">
  <testcase name="totalValidation" time="93.383" classname="com.appium.framework.AppiumJavaFramework.ContextSwitchDemoTest"/>
</testsuite> <!-- com.appium.framework.AppiumJavaFramework.ContextSwitchDemoTest -->
